C:\Program Files (x86)\Microsoft Visual Studio\2019\Community\MSBuild\Current\Bin\Microsoft.Common.CurrentVersion.targets(2203,5): warning MSB3270: There was a mismatch between the processor architecture of the project being built "x86" and the processor architecture of the reference "Intel.RealSense", "AMD64". This mismatch may cause runtime failures. Please consider changing the targeted processor architecture of your project through the Configuration Manager so as to align the processor architectures between your project and references, or take a dependency on references with a processor architecture that matches the targeted processor architecture of your project.
  ESP3902.cpp
  .NETFramework,Version=v4.0.AssemblyAttributes.cpp
  Generating Code...
  ESP3902.obj : MSIL module encountered; incremental linking is disabled for MSIL; performing full link
ESP3902.obj : warning LNK4248: unresolved typeref token (0100001A) for 'rs2_error'; image may not run
ESP3902.obj : warning LNK4248: unresolved typeref token (0100001B) for 'rs2_stream_profile'; image may not run
ESP3902.obj : warning LNK4248: unresolved typeref token (0100001C) for 'rs2_frame'; image may not run
ESP3902.obj : warning LNK4248: unresolved typeref token (0100001F) for 'rs2_processing_block'; image may not run
ESP3902.obj : warning LNK4248: unresolved typeref token (0100002B) for 'rs2_frame_queue'; image may not run
ESP3902.obj : error LNK2028: unresolved token (0A000A8C) "extern "C" unsigned __int64 __cdecl rs2_get_frame_number(struct rs2_frame const *,struct rs2_error * *)" (?rs2_get_frame_number@@$$J0YA_KPBUrs2_frame@@PAPAUrs2_error@@@Z) referenced in function "public: __thiscall rs2::frame::frame(struct rs2_frame *)" (??0frame@rs2@@$$FQAE@PAUrs2_frame@@@Z)
ESP3902.obj : error LNK2028: unresolved token (0A000A9F) "extern "C" char const * __cdecl rs2_get_failed_args(struct rs2_error const *)" (?rs2_get_failed_args@@$$J0YAPBDPBUrs2_error@@@Z) referenced in function "public: __thiscall rs2::error::error(struct rs2_error *)" (??0error@rs2@@$$FQAE@PAUrs2_error@@@Z)
ESP3902.obj : error LNK2028: unresolved token (0A000AA7) "extern "C" struct rs2_stream_profile const * __cdecl rs2_get_frame_stream_profile(struct rs2_frame const *,struct rs2_error * *)" (?rs2_get_frame_stream_profile@@$$J0YAPBUrs2_stream_profile@@PBUrs2_frame@@PAPAUrs2_error@@@Z) referenced in function "public: __thiscall rs2::frame::frame(struct rs2_frame *)" (??0frame@rs2@@$$FQAE@PAUrs2_frame@@@Z)
ESP3902.obj : error LNK2028: unresolved token (0A000AC5) "extern "C" int __cdecl rs2_is_stream_profile_default(struct rs2_stream_profile const *,struct rs2_error * *)" (?rs2_is_stream_profile_default@@$$J0YAHPBUrs2_stream_profile@@PAPAUrs2_error@@@Z) referenced in function "public: __thiscall rs2::stream_profile::stream_profile(struct rs2_stream_profile const *)" (??0stream_profile@rs2@@$$FQAE@PBUrs2_stream_profile@@@Z)
ESP3902.obj : error LNK2028: unresolved token (0A000B66) "extern "C" int __cdecl rs2_poll_for_frame(struct rs2_frame_queue *,struct rs2_frame * *,struct rs2_error * *)" (?rs2_poll_for_frame@@$$J0YAHPAUrs2_frame_queue@@PAPAUrs2_frame@@PAPAUrs2_error@@@Z) referenced in function "public: bool __thiscall rs2::frame_queue::poll_for_frame<class rs2::frame>(class rs2::frame *)const " (??$poll_for_frame@Vframe@rs2@@@frame_queue@rs2@@$$FQBE_NPAVframe@1@@Z)
ESP3902.obj : error LNK2028: unresolved token (0A000B79) "extern "C" void __cdecl rs2_frame_add_ref(struct rs2_frame *,struct rs2_error * *)" (?rs2_frame_add_ref@@$$J0YAXPAUrs2_frame@@PAPAUrs2_error@@@Z) referenced in function "protected: void __thiscall rs2::frame::add_ref(void)const " (?add_ref@frame@rs2@@$$FIBEXXZ)
ESP3902.obj : error LNK2028: unresolved token (0A000B7B) "extern "C" enum rs2_exception_type __cdecl rs2_get_librealsense_exception_type(struct rs2_error const *)" (?rs2_get_librealsense_exception_type@@$$J0YA?AW4rs2_exception_type@@PBUrs2_error@@@Z) referenced in function "public: __thiscall rs2::error::error(struct rs2_error *)" (??0error@rs2@@$$FQAE@PAUrs2_error@@@Z)
ESP3902.obj : error LNK2028: unresolved token (0A000B93) "extern "C" void __cdecl rs2_free_error(struct rs2_error *)" (?rs2_free_error@@$$J0YAXPAUrs2_error@@@Z) referenced in function "public: __thiscall rs2::error::error(struct rs2_error *)" (??0error@rs2@@$$FQAE@PAUrs2_error@@@Z)
ESP3902.obj : error LNK2028: unresolved token (0A000BA6) "extern "C" void __cdecl rs2_process_frame(struct rs2_processing_block *,struct rs2_frame *,struct rs2_error * *)" (?rs2_process_frame@@$$J0YAXPAUrs2_processing_block@@PAUrs2_frame@@PAPAUrs2_error@@@Z) referenced in function "public: void __thiscall rs2::processing_block::invoke(class rs2::frame)const " (?invoke@processing_block@rs2@@$$FQBEXVframe@2@@Z)
ESP3902.obj : error LNK2028: unresolved token (0A000C0A) "extern "C" char const * __cdecl rs2_get_error_message(struct rs2_error const *)" (?rs2_get_error_message@@$$J0YAPBDPBUrs2_error@@@Z) referenced in function "public: __thiscall rs2::error::error(struct rs2_error *)" (??0error@rs2@@$$FQAE@PAUrs2_error@@@Z)
ESP3902.obj : error LNK2028: unresolved token (0A000C16) "extern "C" void __cdecl rs2_get_stream_profile_data(struct rs2_stream_profile const *,enum rs2_stream *,enum rs2_format *,int *,int *,int *,struct rs2_error * *)" (?rs2_get_stream_profile_data@@$$J0YAXPBUrs2_stream_profile@@PAW4rs2_stream@@PAW4rs2_format@@PAH33PAPAUrs2_error@@@Z) referenced in function "public: __thiscall rs2::stream_profile::stream_profile(struct rs2_stream_profile const *)" (??0stream_profile@rs2@@$$FQAE@PBUrs2_stream_profile@@@Z)
ESP3902.obj : error LNK2028: unresolved token (0A000C44) "extern "C" void __cdecl rs2_release_frame(struct rs2_frame *)" (?rs2_release_frame@@$$J0YAXPAUrs2_frame@@@Z) referenced in function "public: __thiscall rs2::frame::~frame(void)" (??1frame@rs2@@$$FQAE@XZ)
ESP3902.obj : error LNK2028: unresolved token (0A000C82) "extern "C" char const * __cdecl rs2_get_failed_function(struct rs2_error const *)" (?rs2_get_failed_function@@$$J0YAPBDPBUrs2_error@@@Z) referenced in function "public: __thiscall rs2::error::error(struct rs2_error *)" (??0error@rs2@@$$FQAE@PAUrs2_error@@@Z)
ESP3902.obj : error LNK2019: unresolved external symbol "extern "C" void __cdecl rs2_release_frame(struct rs2_frame *)" (?rs2_release_frame@@$$J0YAXPAUrs2_frame@@@Z) referenced in function "public: __thiscall rs2::frame::~frame(void)" (??1frame@rs2@@$$FQAE@XZ)
ESP3902.obj : error LNK2019: unresolved external symbol "extern "C" char const * __cdecl rs2_get_error_message(struct rs2_error const *)" (?rs2_get_error_message@@$$J0YAPBDPBUrs2_error@@@Z) referenced in function "public: __thiscall rs2::error::error(struct rs2_error *)" (??0error@rs2@@$$FQAE@PAUrs2_error@@@Z)
ESP3902.obj : error LNK2019: unresolved external symbol "extern "C" char const * __cdecl rs2_get_failed_function(struct rs2_error const *)" (?rs2_get_failed_function@@$$J0YAPBDPBUrs2_error@@@Z) referenced in function "public: __thiscall rs2::error::error(struct rs2_error *)" (??0error@rs2@@$$FQAE@PAUrs2_error@@@Z)
ESP3902.obj : error LNK2019: unresolved external symbol "extern "C" char const * __cdecl rs2_get_failed_args(struct rs2_error const *)" (?rs2_get_failed_args@@$$J0YAPBDPBUrs2_error@@@Z) referenced in function "public: __thiscall rs2::error::error(struct rs2_error *)" (??0error@rs2@@$$FQAE@PAUrs2_error@@@Z)
ESP3902.obj : error LNK2019: unresolved external symbol "extern "C" enum rs2_exception_type __cdecl rs2_get_librealsense_exception_type(struct rs2_error const *)" (?rs2_get_librealsense_exception_type@@$$J0YA?AW4rs2_exception_type@@PBUrs2_error@@@Z) referenced in function "public: __thiscall rs2::error::error(struct rs2_error *)" (??0error@rs2@@$$FQAE@PAUrs2_error@@@Z)
ESP3902.obj : error LNK2019: unresolved external symbol "extern "C" void __cdecl rs2_free_error(struct rs2_error *)" (?rs2_free_error@@$$J0YAXPAUrs2_error@@@Z) referenced in function "public: __thiscall rs2::error::error(struct rs2_error *)" (??0error@rs2@@$$FQAE@PAUrs2_error@@@Z)
ESP3902.obj : error LNK2019: unresolved external symbol "extern "C" void __cdecl rs2_frame_add_ref(struct rs2_frame *,struct rs2_error * *)" (?rs2_frame_add_ref@@$$J0YAXPAUrs2_frame@@PAPAUrs2_error@@@Z) referenced in function "protected: void __thiscall rs2::frame::add_ref(void)const " (?add_ref@frame@rs2@@$$FIBEXXZ)
ESP3902.obj : error LNK2019: unresolved external symbol "extern "C" void __cdecl rs2_process_frame(struct rs2_processing_block *,struct rs2_frame *,struct rs2_error * *)" (?rs2_process_frame@@$$J0YAXPAUrs2_processing_block@@PAUrs2_frame@@PAPAUrs2_error@@@Z) referenced in function "public: void __thiscall rs2::processing_block::invoke(class rs2::frame)const " (?invoke@processing_block@rs2@@$$FQBEXVframe@2@@Z)
ESP3902.obj : error LNK2019: unresolved external symbol "extern "C" int __cdecl rs2_poll_for_frame(struct rs2_frame_queue *,struct rs2_frame * *,struct rs2_error * *)" (?rs2_poll_for_frame@@$$J0YAHPAUrs2_frame_queue@@PAPAUrs2_frame@@PAPAUrs2_error@@@Z) referenced in function "public: bool __thiscall rs2::frame_queue::poll_for_frame<class rs2::frame>(class rs2::frame *)const " (??$poll_for_frame@Vframe@rs2@@@frame_queue@rs2@@$$FQBE_NPAVframe@1@@Z)
ESP3902.obj : error LNK2019: unresolved external symbol "extern "C" unsigned __int64 __cdecl rs2_get_frame_number(struct rs2_frame const *,struct rs2_error * *)" (?rs2_get_frame_number@@$$J0YA_KPBUrs2_frame@@PAPAUrs2_error@@@Z) referenced in function "public: __thiscall rs2::frame::frame(struct rs2_frame *)" (??0frame@rs2@@$$FQAE@PAUrs2_frame@@@Z)
ESP3902.obj : error LNK2019: unresolved external symbol "extern "C" struct rs2_stream_profile const * __cdecl rs2_get_frame_stream_profile(struct rs2_frame const *,struct rs2_error * *)" (?rs2_get_frame_stream_profile@@$$J0YAPBUrs2_stream_profile@@PBUrs2_frame@@PAPAUrs2_error@@@Z) referenced in function "public: __thiscall rs2::frame::frame(struct rs2_frame *)" (??0frame@rs2@@$$FQAE@PAUrs2_frame@@@Z)
ESP3902.obj : error LNK2019: unresolved external symbol "extern "C" void __cdecl rs2_get_stream_profile_data(struct rs2_stream_profile const *,enum rs2_stream *,enum rs2_format *,int *,int *,int *,struct rs2_error * *)" (?rs2_get_stream_profile_data@@$$J0YAXPBUrs2_stream_profile@@PAW4rs2_stream@@PAW4rs2_format@@PAH33PAPAUrs2_error@@@Z) referenced in function "public: __thiscall rs2::stream_profile::stream_profile(struct rs2_stream_profile const *)" (??0stream_profile@rs2@@$$FQAE@PBUrs2_stream_profile@@@Z)
ESP3902.obj : error LNK2019: unresolved external symbol "extern "C" int __cdecl rs2_is_stream_profile_default(struct rs2_stream_profile const *,struct rs2_error * *)" (?rs2_is_stream_profile_default@@$$J0YAHPBUrs2_stream_profile@@PAPAUrs2_error@@@Z) referenced in function "public: __thiscall rs2::stream_profile::stream_profile(struct rs2_stream_profile const *)" (??0stream_profile@rs2@@$$FQAE@PBUrs2_stream_profile@@@Z)
C:\Users\Jevan Goh\source\repos\ESP3902\Debug\ESP3902.exe : fatal error LNK1120: 26 unresolved externals
